[18:11:50] [ServerMain/INFO]: [bootstrap] Running Java 21 (OpenJDK 64-Bit Server VM 21.0.5+11-Ubuntu-1ubuntu120.04; Ubuntu null) on Linux 6.5.0-1025-azure (amd64)
[18:11:50] [ServerMain/INFO]: [bootstrap] Loading Paper 1.21.1-57-master@b483da4 (2024-09-01T18:09:05Z) for Minecraft 1.21.1
[18:11:50] [ServerMain/INFO]: [PluginInitializerManager] Initializing plugins...
[18:11:51] [ServerMain/INFO]: [PluginInitializerManager] Initialized 3 plugins
[18:11:51] [ServerMain/INFO]: [PluginInitializerManager] Bukkit plugins (3):
 - BetterRTP (3.6.8), NBTAPI (2.12.4), ProtocolLib (5.1.0)
[18:11:55] [ServerMain/INFO]: Environment: Environment[sessionHost=https://sessionserver.mojang.com, servicesHost=https://api.minecraftservices.com, name=PROD]
[18:11:55] [ServerMain/INFO]: Found new data pack file/bukkit, loading it automatically
[18:11:55] [ServerMain/INFO]: Found new data pack paper, loading it automatically
[18:11:56] [ServerMain/INFO]: No existing world data, creating new world
[18:11:56] [ServerMain/INFO]: Loaded 1290 recipes
[18:11:57] [ServerMain/INFO]: Loaded 1399 advancements
[18:11:57] [Server thread/INFO]: Starting minecraft server version 1.21.1
[18:11:57] [Server thread/INFO]: Loading properties
[18:11:57] [Server thread/INFO]: This server is running Paper version 1.21.1-57-master@b483da4 (2024-09-01T18:09:05Z) (Implementing API version 1.21.1-R0.1-SNAPSHOT)
[18:11:58] [Server thread/INFO]: [spark] This server bundles the spark profiler. For more information please visit https://docs.papermc.io/paper/profiling
[18:11:58] [Server thread/INFO]: Server Ping Player Sample Count: 12
[18:11:58] [Server thread/INFO]: Using 4 threads for Netty based IO
[18:11:58] [Server thread/INFO]: [ChunkTaskScheduler] Chunk system is using 1 I/O threads, 1 worker threads, and population gen parallelism of 1 threads
[18:11:59] [Server thread/INFO]: Default game type: SURVIVAL
[18:11:59] [Server thread/INFO]: Generating keypair
[18:11:59] [Server thread/INFO]: Starting Minecraft server on *:25565
[18:11:59] [Server thread/INFO]: Using epoll channel type
[18:11:59] [Server thread/INFO]: Paper: Using libdeflate (Linux x86_64) compression from Velocity.
[18:11:59] [Server thread/INFO]: Paper: Using OpenSSL 1.1.x (Linux x86_64) cipher from Velocity.
[18:11:59] [Server thread/WARN]: **** FAILED TO BIND TO PORT!
[18:11:59] [Server thread/WARN]: The exception was: io.netty.channel.unix.Errors$NativeIoException: bind(..) failed: Address already in use
[18:11:59] [Server thread/WARN]: Perhaps a server is already running on that port?
[18:11:59] [Server thread/ERROR]: Encountered an unexpected exception
java.lang.IllegalStateException: Failed to bind to port
	at net.minecraft.server.dedicated.DedicatedServer.initServer(DedicatedServer.java:286) ~[paper-1.21.1.jar:1.21.1-57-b483da4]
	at net.minecraft.server.MinecraftServer.runServer(MinecraftServer.java:1215) ~[paper-1.21.1.jar:1.21.1-57-b483da4]
	at net.minecraft.server.MinecraftServer.lambda$spin$0(MinecraftServer.java:330) ~[paper-1.21.1.jar:1.21.1-57-b483da4]
	at java.base/java.lang.Thread.run(Thread.java:1583) ~[?:?]
Caused by: io.netty.channel.unix.Errors$NativeIoException: bind(..) failed: Address already in use
[18:11:59] [Server thread/ERROR]: This crash report has been saved to: /workspaces/elserverpapu/servidor_minecraft/crash-reports/crash-2024-12-18_18.11.59-server.txt
[18:11:59] [Server thread/INFO]: Stopping server
[18:11:59] [Server thread/INFO]: Saving players
[18:11:59] [Server thread/INFO]: Saving worlds
[18:11:59] [Server thread/INFO]: ThreadedAnvilChunkStorage: All dimensions are saved
